<?xml version="1.0" encoding="UTF-8"?>
<testsuite name="com.example.springsecuritymultiauth.unit.member.domain.MemberTest" tests="2" skipped="0" failures="0" errors="0" timestamp="2024-05-04T15:02:12" hostname="gimgang-og-ui-MacBookPro.local" time="0.008">
  <properties/>
  <testcase name="MemberEntity를_Member로_변경()" classname="com.example.springsecuritymultiauth.unit.member.domain.MemberTest" time="0.007"/>
  <testcase name="Member를_MemberEntity로_변경()" classname="com.example.springsecuritymultiauth.unit.member.domain.MemberTest" time="0.0"/>
  <system-out><![CDATA[]]></system-out>
  <system-err><![CDATA[]]></system-err>
</testsuite>
